F:\Research\CVprojects\CodesCpp\RenderingDIBR\Debug\RenderingDIBR.pdb
F:\Research\CVprojects\CodesCpp\RenderingDIBR\RenderingDIBR\Debug\cl.command.1.tlog
F:\Research\CVprojects\CodesCpp\RenderingDIBR\RenderingDIBR\Debug\CL.read.1.tlog
F:\Research\CVprojects\CodesCpp\RenderingDIBR\RenderingDIBR\Debug\CL.write.1.tlog
F:\Research\CVprojects\CodesCpp\RenderingDIBR\RenderingDIBR\Debug\link.command.1.tlog
F:\Research\CVprojects\CodesCpp\RenderingDIBR\RenderingDIBR\Debug\link.read.1.tlog
F:\Research\CVprojects\CodesCpp\RenderingDIBR\RenderingDIBR\Debug\link.write.1.tlog
F:\Research\CVprojects\CodesCpp\RenderingDIBR\RenderingDIBR\Debug\link-cvtres.read.1.tlog
F:\Research\CVprojects\CodesCpp\RenderingDIBR\RenderingDIBR\Debug\link-cvtres.write.1.tlog
F:\Research\CVprojects\CodesCpp\RenderingDIBR\RenderingDIBR\Debug\rc.command.1.tlog
F:\Research\CVprojects\CodesCpp\RenderingDIBR\RenderingDIBR\Debug\rc.read.1.tlog
F:\Research\CVprojects\CodesCpp\RenderingDIBR\RenderingDIBR\Debug\rc.write.1.tlog
F:\RESEARCH\CVPROJECTS\CODESCPP\RENDERINGDIBR\RENDERINGDIBR\DEBUG\RENDERING.OBJ
F:\Research\CVprojects\CodesCpp\RenderingDIBR\RenderingDIBR\Debug\RenderingDIBR.exe.embed.manifest
F:\RESEARCH\CVPROJECTS\CODESCPP\RENDERINGDIBR\RENDERINGDIBR\DEBUG\RENDERINGDIBR.EXE.EMBED.MANIFEST.RES
F:\Research\CVprojects\CodesCpp\RenderingDIBR\RenderingDIBR\Debug\RenderingDIBR.exe.intermediate.manifest
F:\Research\CVprojects\CodesCpp\RenderingDIBR\RenderingDIBR\Debug\RenderingDIBR.vcxprojResolveAssemblyReference.cache
F:\Research\CVprojects\CodesCpp\RenderingDIBR\RenderingDIBR\Debug\RenderingDIBR.write.1.tlog
F:\Research\CVprojects\CodesCpp\RenderingDIBR\RenderingDIBR\Debug\RenderingDIBR_manifest.rc
F:\RESEARCH\CVPROJECTS\CODESCPP\RENDERINGDIBR\RENDERINGDIBR\DEBUG\RENDERMAIN.OBJ
F:\Research\CVprojects\CodesCpp\RenderingDIBR\RenderingDIBR\Debug\vc100.idb
F:\RESEARCH\CVPROJECTS\CODESCPP\RENDERINGDIBR\RENDERINGDIBR\DEBUG\VC100.PDB
